Arguments: 
  /home/kev/.nvm/versions/node/v12.18.3/bin/node /usr/share/yarn/bin/yarn.js

PATH: 
  /home/kev/.nvm/versions/node/v12.18.3/bin:/home/kev/anaconda3/bin:/home/kev/anaconda3/condabin:/usr/local/sbin:/usr/local/bin:/usr/sbin:/usr/bin:/sbin:/bin:/usr/games:/usr/local/games:/snap/bin:/home/kev/.dotnet/tools:/usr/lib/firefox

Yarn version: 
  1.22.5

Node version: 
  12.18.3

Platform: 
  linux x64

Trace: 
  SyntaxError: /home/kev/Data/project/votethereum/package.json: Unexpected token } in JSON at position 453
      at JSON.parse (<anonymous>)
      at /usr/share/yarn/lib/cli.js:1625:59
      at Generator.next (<anonymous>)
      at step (/usr/share/yarn/lib/cli.js:310:30)
      at /usr/share/yarn/lib/cli.js:321:13

npm manifest: 
  {
      "name": "votethereum",
      "version": "0.1.0",
      "private": true,
      "dependencies": {
          "@testing-library/jest-dom": "^5.11.4",
          "@testing-library/react": "^11.1.0",
          "@testing-library/user-event": "^12.1.10",
          "antd": "^4.15.1",
          "node-sass": "^5.0.0",
          "react": "^17.0.2",
          "react-dom": "^17.0.2",
          "react-scripts": "4.0.3",
          "web-vitals": "^1.0.1",
          "web3": "1.2.9",
      },
      "scripts": {
          "start": "react-scripts start",
          "build": "react-scripts build",
          "test": "react-scripts test",
          "eject": "react-scripts eject"
      },
      "eslintConfig": {
          "extends": [
              "react-app",
              "react-app/jest"
          ]
      },
      "browserslist": {
          "production": [
              ">0.2%",
              "not dead",
              "not op_mini all"
          ],
          "development": [
              "last 1 chrome version",
              "last 1 firefox version",
              "last 1 safari version"
          ]
      },
      "devDependencies": {
          "sass": "^1.32.8",
          "sass-loader": "^11.0.1"
      }
  }

yarn manifest: 
  No manifest

Lockfile: 
  No lockfile
